This is TeX, C Version 3.14t3 (format=lplain 92.9.27)  12 FEB 1995 20:14
**&lplain endPapers
(endPapers.tex
LaTeX Version 2.09 <7 Dec 1989>
(/usr/src/Tex/lib.sun4/macros/article.sty
Document Style `article' <16 Mar 88>.
(/usr/src/Tex/lib.sun4/macros/art12.sty)
\c@part=\count79
\c@section=\count80
\c@subsection=\count81
\c@subsubsection=\count82
\c@paragraph=\count83
\c@subparagraph=\count84
\c@figure=\count85
\c@table=\count86
) (/home/brian/lib/tex/preamble.tex
(/usr/src/Tex/lib.sun4/macros/psfig.tex
\@unused=\write3

psfig/tex 1.6b
\ps@stream=\read0
\p@intvaluex=\dimen99
\p@intvaluey=\dimen100
)) (/home/brian/book/math.tex) (endPapers.aux) [1

] [2] [3] (endPapers.aux) ) 
Here is how much of TeX's memory you used:
 535 strings out of 4463
 4605 string characters out of 63319
 37524 words of memory out of 262141
 2479 multiletter control sequences out of 9500
 18973 words of font info for 72 fonts, out of 72000 for 255
 14 hyphenation exceptions out of 607
 12i,4n,15p,163b,136s stack positions out of 300i,40n,60p,3000b,4000s

Output written on endPapers.dvi (3 pages, 7288 bytes).
