2001.05.20 13:41 B d:\brian\brian\fov\07pattern\fig\maskingPerpErr\.Biq.m <-- white /tmp_mnt/brown/u1/FOV.I/07pattern/fig/maskingPerpErr .Biq.m
2001.05.20 13:41 B d:\brian\brian\fov\07pattern\fig\maskingPerpErr\albert.tif <-- white /tmp_mnt/brown/u1/FOV.I/07pattern/fig/maskingPerpErr albert.tif
2001.05.20 13:41 B d:\brian\brian\fov\07pattern\fig\maskingPerpErr\cmf.eps <-- white /tmp_mnt/brown/u1/FOV.I/07pattern/fig/maskingPerpErr cmf.eps
2001.05.20 13:41 B d:\brian\brian\fov\07pattern\fig\maskingPerpErr\csf.eps <-- white /tmp_mnt/brown/u1/FOV.I/07pattern/fig/maskingPerpErr csf.eps
2001.05.20 13:41 B d:\brian\brian\fov\07pattern\fig\maskingPerpErr\daylight.eps <-- white /tmp_mnt/brown/u1/FOV.I/07pattern/fig/maskingPerpErr daylight.eps
2001.05.20 13:41 B d:\brian\brian\fov\07pattern\fig\maskingPerpErr\iq.m <-- white /tmp_mnt/brown/u1/FOV.I/07pattern/fig/maskingPerpErr iq.m
2001.05.20 13:41 B d:\brian\brian\fov\07pattern\fig\maskingPerpErr\ls.eps <-- white /tmp_mnt/brown/u1/FOV.I/07pattern/fig/maskingPerpErr ls.eps
2001.05.20 13:41 B d:\brian\brian\fov\07pattern\fig\maskingPerpErr\maskedAl.tif <-- white /tmp_mnt/brown/u1/FOV.I/07pattern/fig/maskingPerpErr maskedAl.tif
2001.05.20 13:41 B d:\brian\brian\fov\07pattern\fig\maskingPerpErr\maskedErr.tif <-- white /tmp_mnt/brown/u1/FOV.I/07pattern/fig/maskingPerpErr maskedErr.tif
2001.05.20 13:41 B d:\brian\brian\fov\07pattern\fig\maskingPerpErr\maskedErrFFT.tif <-- white /tmp_mnt/brown/u1/FOV.I/07pattern/fig/maskingPerpErr maskedErrFFT.tif
2001.05.20 13:41 B d:\brian\brian\fov\07pattern\fig\maskingPerpErr\noise1.tif <-- white /tmp_mnt/brown/u1/FOV.I/07pattern/fig/maskingPerpErr noise1.tif
2001.05.20 13:41 B d:\brian\brian\fov\07pattern\fig\maskingPerpErr\noise2.tif <-- white /tmp_mnt/brown/u1/FOV.I/07pattern/fig/maskingPerpErr noise2.tif
2001.05.20 13:41 B d:\brian\brian\fov\07pattern\fig\maskingPerpErr\perpAl.tif <-- white /tmp_mnt/brown/u1/FOV.I/07pattern/fig/maskingPerpErr perpAl.tif
2001.05.20 13:41 B d:\brian\brian\fov\07pattern\fig\maskingPerpErr\perpErr.tif <-- white /tmp_mnt/brown/u1/FOV.I/07pattern/fig/maskingPerpErr perpErr.tif
2001.05.20 13:41 B d:\brian\brian\fov\07pattern\fig\maskingPerpErr\perpErrFFT.tif <-- white /tmp_mnt/brown/u1/FOV.I/07pattern/fig/maskingPerpErr perpErrFFT.tif
2001.05.20 13:41 B d:\brian\brian\fov\07pattern\fig\maskingPerpErr\photopic.eps <-- white /tmp_mnt/brown/u1/FOV.I/07pattern/fig/maskingPerpErr photopic.eps
2001.05.20 13:41 B d:\brian\brian\fov\07pattern\fig\maskingPerpErr\ps.eps <-- white /tmp_mnt/brown/u1/FOV.I/07pattern/fig/maskingPerpErr ps.eps
2001.05.20 13:41 B d:\brian\brian\fov\07pattern\fig\maskingPerpErr\ReadMe <-- white /tmp_mnt/brown/u1/FOV.I/07pattern/fig/maskingPerpErr ReadMe
2001.05.20 13:41 B d:\brian\brian\fov\07pattern\fig\maskingPerpErr\swappedAbs.tif <-- white /tmp_mnt/brown/u1/FOV.I/07pattern/fig/maskingPerpErr swappedAbs.tif
2001.05.20 13:41 B d:\brian\brian\fov\07pattern\fig\maskingPerpErr\swappedAng.tif <-- white /tmp_mnt/brown/u1/FOV.I/07pattern/fig/maskingPerpErr swappedAng.tif
