2001.05.20 13:46 B d:\brian\brian\fov\09col\fig\subImages\cos.16.t.Z <-- white /tmp_mnt/brown/u1/FOV.I/09col/fig/subImages cos.16.t.Z
2001.05.20 13:46 B d:\brian\brian\fov\09col\fig\subImages\cos.16.Z <-- white /tmp_mnt/brown/u1/FOV.I/09col/fig/subImages cos.16.Z
2001.05.20 13:46 B d:\brian\brian\fov\09col\fig\subImages\cos.32.t.Z <-- white /tmp_mnt/brown/u1/FOV.I/09col/fig/subImages cos.32.t.Z
2001.05.20 13:46 B d:\brian\brian\fov\09col\fig\subImages\cos.32.Z <-- white /tmp_mnt/brown/u1/FOV.I/09col/fig/subImages cos.32.Z
2001.05.20 13:46 B d:\brian\brian\fov\09col\fig\subImages\sweep.HighCon.ps <-- white /tmp_mnt/brown/u1/FOV.I/09col/fig/subImages sweep.HighCon.ps
2001.05.20 13:46 B d:\brian\brian\fov\09col\fig\subImages\sweep.img.ps.Z <-- white /tmp_mnt/brown/u1/FOV.I/09col/fig/subImages sweep.img.ps.Z
2001.05.20 13:46 B d:\brian\brian\fov\09col\fig\subImages\sweep.low <-- white /tmp_mnt/brown/u1/FOV.I/09col/fig/subImages sweep.low
2001.05.20 13:46 B d:\brian\brian\fov\09col\fig\subImages\sweep.low.b <-- white /tmp_mnt/brown/u1/FOV.I/09col/fig/subImages sweep.low.b
2001.05.20 13:46 B d:\brian\brian\fov\09col\fig\subImages\sweep.LowCon.ps <-- white /tmp_mnt/brown/u1/FOV.I/09col/fig/subImages sweep.LowCon.ps
2001.05.20 13:46 B d:\brian\brian\fov\09col\fig\subImages\sweep.mat.Z <-- white /tmp_mnt/brown/u1/FOV.I/09col/fig/subImages sweep.mat.Z
2001.05.20 13:46 B d:\brian\brian\fov\09col\fig\subImages\sweep.sd.Z <-- white /tmp_mnt/brown/u1/FOV.I/09col/fig/subImages sweep.sd.Z
2001.05.20 13:46 B d:\brian\brian\fov\09col\fig\subImages\sweep.VarCon.ps <-- white /tmp_mnt/brown/u1/FOV.I/09col/fig/subImages sweep.VarCon.ps
2001.05.20 13:46 B d:\brian\brian\fov\09col\fig\subImages\sweep1.mat.Z <-- white /tmp_mnt/brown/u1/FOV.I/09col/fig/subImages sweep1.mat.Z
2001.05.20 13:46 B d:\brian\brian\fov\09col\fig\subImages\sweep1.ps.Z <-- white /tmp_mnt/brown/u1/FOV.I/09col/fig/subImages sweep1.ps.Z
2001.05.20 13:46 B d:\brian\brian\fov\09col\fig\subImages\sweep2.mat.Z <-- white /tmp_mnt/brown/u1/FOV.I/09col/fig/subImages sweep2.mat.Z
2001.05.20 13:46 B d:\brian\brian\fov\09col\fig\subImages\sweep2.ps.Z <-- white /tmp_mnt/brown/u1/FOV.I/09col/fig/subImages sweep2.ps.Z
2001.05.20 13:46 B d:\brian\brian\fov\09col\fig\subImages\sweepCon.mat.Z <-- white /tmp_mnt/brown/u1/FOV.I/09col/fig/subImages sweepCon.mat.Z
2001.05.20 13:46 B d:\brian\brian\fov\09col\fig\subImages\sweepCon.ps.Z <-- white /tmp_mnt/brown/u1/FOV.I/09col/fig/subImages sweepCon.ps.Z
2001.05.20 13:46 B d:\brian\brian\fov\09col\fig\subImages\sweepRetImg.mat <-- white /tmp_mnt/brown/u1/FOV.I/09col/fig/subImages sweepRetImg.mat
2001.05.20 13:46 B d:\brian\brian\fov\09col\fig\subImages\sweepRetImg.ps <-- white /tmp_mnt/brown/u1/FOV.I/09col/fig/subImages sweepRetImg.ps
