This is TeX, Version 3.14159 (Web2C 7.2) (format=latex 1998.9.18)  30 MAR 1999 22:28
**Color
(Color.tex
LaTeX2e <1998/06/01>
Babel <v3.6j> and hyphenation patterns for english, british, catalan, danish, s
panish, french, german, italian, dutch, norsk, portuges, russian, finnish, baha
sa, croatian, loaded.
(../preamble.tex (/u/brian/lib/tex/standardBook.tex
(/usr/pubsw/lib/texmf/tex/latex/base/book.cls
Document Class: book 1998/05/05 v1.3y Standard LaTeX document class
(/usr/pubsw/lib/texmf/tex/latex/base/bk12.clo
File: bk12.clo 1998/05/05 v1.3y Standard LaTeX file (size option)
)
\c@part=\count79
\c@chapter=\count80
\c@section=\count81
\c@subsection=\count82
\c@subsubsection=\count83
\c@paragraph=\count84
\c@subparagraph=\count85
\c@figure=\count86
\c@table=\count87
\abovecaptionskip=\skip41
\belowcaptionskip=\skip42
\bibindent=\dimen102
)
(/usr/pubsw/lib/texmf/tex/latex/psnfss/palatino.sty
Package: palatino 1998/07/01 PSNFSS v.7.1 Palatino font as default roman : S Ra
htz
)
\@input{/u/brian/lib/tex/preamble.aux}
! I can't write on file `/u/brian/lib/tex/preamble.aux'.
\@include ...\immediate \openout \@partaux #1.aux 
                                                  \immediate \write \@partau...
l.8 \include{/u/brian/lib/tex/preamble}
                                       
Please type another output file name: 
\openout2 = `.tex'.

(/u/brian/lib/tex/preamble.tex)
(/usr/pubsw/lib/texmf/tex/latex/graphics/epsfig.sty
Package: epsfig 1996/10/04 v1.7 (e)psfig emulation (SPQR)

(/usr/pubsw/lib/texmf/tex/latex/graphics/graphicx.sty
Package: graphicx 1997/06/09 v1.0d Enhanced LaTeX Graphics (DPC,SPQR)

(/usr/pubsw/lib/texmf/tex/latex/graphics/keyval.sty
Package: keyval 1998/06/05 v1.11 key=value parser (DPC)
\KV@toks@=\toks14
)
(/usr/pubsw/lib/texmf/tex/latex/graphics/graphics.sty
Package: graphics 1998/05/27 v1.0h Standard LaTeX Graphics (DPC,SPQR)

(/usr/pubsw/lib/texmf/tex/latex/graphics/trig.sty
Package: trig 1994/10/16 v1.08 sin cos tan (DPC)
)
(/usr/pubsw/lib/texmf/tex/latex/graphics/graphics.cfg)
Package graphics Info: Driver file: dvips.def on input line 85.

(/usr/pubsw/lib/texmf/tex/latex/graphics/dvips.def
File: dvips.def 1998/05/03 v3.0f Driver-dependant file (DPC,SPQR)
))
\Gin@req@height=\dimen103
\Gin@req@width=\dimen104
)
\epsfxsize=\dimen105
\epsfysize=\dimen106
)) (Color.aux)
\openout1 = `Color.aux'.

LaTeX Font Info:    Checking defaults for OML/cmm/m/it on input line 4.
LaTeX Font Info:    ... okay on input line 4.
LaTeX Font Info:    Checking defaults for T1/cmr/m/n on input line 4.
LaTeX Font Info:    ... okay on input line 4.
LaTeX Font Info:    Checking defaults for OT1/cmr/m/n on input line 4.
LaTeX Font Info:    ... okay on input line 4.
LaTeX Font Info:    Checking defaults for OMS/cmsy/m/n on input line 4.
LaTeX Font Info:    ... okay on input line 4.
LaTeX Font Info:    Checking defaults for OMX/cmex/m/n on input line 4.
LaTeX Font Info:    ... okay on input line 4.
LaTeX Font Info:    Checking defaults for U/cmr/m/n on input line 4.
LaTeX Font Info:    ... okay on input line 4.
LaTeX Font Info:    Try loading font information for OT1+ppl on input line 4.

(/usr/pubsw/lib/texmf/tex/latex/psnfss/ot1ppl.fd
File: ot1ppl.fd 1998/07/06 Fontinst v1.800 font definitions for OT1/ppl.
)
(/usr/pubsw/lib/site-texmf/tex/generic/unsupported/psfig.tex)) (../math.tex)
LaTeX Font Info:    Font shape `OT1/ppl/bx/n' in size <24.88> not available
(Font)              Font shape `OT1/ppl/b/n' tried instead on input line 9.

(Color.toc
LaTeX Font Info:    Font shape `OT1/ppl/bx/n' in size <12> not available
(Font)              Font shape `OT1/ppl/b/n' tried instead on input line 1.
LaTeX Font Info:    External font `cmex10' loaded for size
(Font)              <12> on input line 2.
LaTeX Font Info:    External font `cmex10' loaded for size
(Font)              <8> on input line 2.
LaTeX Font Info:    External font `cmex10' loaded for size
(Font)              <6> on input line 2.
)
\tf@toc=\write3
\openout3 = `Color.toc'.

 [1




] [2

] (Color.lof
Underfull \vbox (badness 10000) has occurred while \output is active []

 [3])
\tf@lof=\write4
\openout4 = `Color.lof'.


(/u/brian/fov/09col/cvis.1.tex [4]
Chapter 1.
LaTeX Font Info:    Font shape `OT1/ppl/bx/n' in size <17.28> not available
(Font)              Font shape `OT1/ppl/b/n' tried instead on input line 4.

LaTeX Warning: Reference `chapter:wavelength' on page 5 undefined on input line
 31.


LaTeX Warning: Reference `f3:albers' on page 5 undefined on input line 34.

File: ../09col/fig/contrast.ps Graphic file (type eps)
<../09col/fig/contrast.ps>
Underfull \vbox (badness 10000) has occurred while \output is active []

 [5

]
LaTeX Font Info:    External font `cmex10' loaded for size
(Font)              <7> on input line 72.
LaTeX Font Info:    External font `cmex10' loaded for size
(Font)              <5> on input line 72.


LaTeX Warning: Reference `f3:albers' on page 6 undefined on input line 75.

[6] [7]
LaTeX Font Info:    Font shape `OT1/ppl/bx/n' in size <14.4> not available
(Font)              Font shape `OT1/ppl/b/n' tried instead on input line 135.
File: ../09col/fig/imaging.ps Graphic file (type eps)
 <../09col/fig/imaging.ps>

LaTeX Warning: Reference `chapter:wavelength' on page 8 undefined on input line
 166.

[8] [9]
File: ../09col/fig/surfR.ps Graphic file (type eps)
 <../09col/fig/surfR.ps>

LaTeX Warning: Reference `chapter:wavelength' on page 10 undefined on input lin
e 193.


Underfull \vbox (badness 3460) has occurred while \output is active []

 [10]
File: ../09col/fig/refProcess.ps Graphic file (type eps)

<../09col/fig/refProcess.ps>
Underfull \vbox (badness 5274) has occurred while \output is active []

 [11]
[12]
File: ../09col/fig/colorSig.ps Graphic file (type eps)
 <../09col/fig/colorSig.ps>

LaTeX Warning: Reference `chapter:wavelength' on page 13 undefined on input lin
e 329.

[13] [14]

LaTeX Warning: Reference `chapter:wavelength' on page 15 undefined on input lin
e 378.

[15]
File: ../09col/fig/daylights.ps Graphic file (type eps)
 <../09col/fig/daylights.ps> [16]
Underfull \vbox (badness 10000) has occurred while \output is active []

 [17]
File: ../09col/fig/linearModDay.ps Graphic file (type eps)

<../09col/fig/linearModDay.ps> [18] [19] [20] [21]
File: ../09col/fig/macbethApprox.ps Graphic file (type eps)

<../09col/fig/macbethApprox.ps>
Underfull \vbox (badness 10000) has occurred while \output is active []

 [22]
[23]
File: ../09col/fig/macbethBasis.ps Graphic file (type eps)
 <../09col/fig/macbethBasis.ps>
File: ../09col/fig/macbethRender.ps Graphic file (type eps)
 <../09col/fig/macbethRender.ps> [24]
[25] [26] [27] [28]

LaTeX Warning: Reference `chapter:wavelength' on page 29 undefined on input lin
e 968.

[29] [30]) (/u/brian/fov/09col/cvis.2.tex [31]
File: ../09col/fig/matchingMethods.ps Graphic file (type eps)

<../09col/fig/matchingMethods.ps>
Underfull \vbox (badness 1275) has occurred while \output is active []

 [32]
[33]
File: ../09col/fig/wassefShift.ps Graphic file (type eps)
 <../09col/fig/wassefShift.ps> [34]
File: ../09col/fig/wassefVK.ps Graphic file (type eps)
 <../09col/fig/wassefVK.ps> [35]
[36]

LaTeX Warning: Reference `chapter:wavelength' on page 37 undefined on input lin
e 277.

[37]
File: ../09col/fig/equivIll.ps Graphic file (type eps)
 <../09col/fig/equivIll.ps>
Underfull \vbox (badness 10000) has occurred while \output is active []

 [38])
(/u/brian/fov/09col/cvis.3.tex [39]
File: ../09col/fig/munsell.ps Graphic file (type eps)
 <../09col/fig/munsell.ps>

LaTeX Warning: Reference `chapter:wavelength' on page 40 undefined on input lin
e 81.


Underfull \vbox (badness 10000) has occurred while \output is active []

 [40]
[41]
Underfull \vbox (badness 1005) has occurred while \output is active []

 [42]
File: ../09col/fig/hueCancel.ps Graphic file (type eps)

<../09col/fig/hueCancel.ps>
Underfull \vbox (badness 10000) has occurred while \output is active []

 [43]

LaTeX Warning: Reference `chapter:space' on page 44 undefined on input line 222
.


LaTeX Warning: Reference `f6:testMixtureGraph' on page 44 undefined on input li
ne 222.


LaTeX Warning: Reference `f6:testMixtureData' on page 44 undefined on input lin
e 223.

File: ../09col/fig/opponentB.ps Graphic file (type eps)
<../09col/fig/opponentB.ps> [44] [45] [46]
File: ../09col/fig/dkl.ps Graphic file (type eps)
 <../09col/fig/dkl.ps>
Underfull \vbox (badness 10000) has occurred while \output is active []

 [47]
[48]

LaTeX Warning: Reference `chapter:multiresolution' on page 49 undefined on inpu
t line 411.


LaTeX Warning: Reference `chapter:multiresolution' on page 49 undefined on inpu
t line 415.

File: ../09col/fig/decor.ps Graphic file (type eps)
<../09col/fig/decor.ps>

LaTeX Warning: Reference `chapter:multiresolution' on page 49 undefined on inpu
t line 453.


Underfull \vbox (badness 10000) has occurred while \output is active []

 [49]
File: ../09col/fig/decorSensors.ps Graphic file (type eps)

<../09col/fig/decorSensors.ps> [50] [51]

LaTeX Warning: Reference `f3:albers' on page 52 undefined on input line 539.

File: ../09col/fig/squarewave.ps Graphic file (type eps)
<../09col/fig/squarewave.ps> [52]
File: ../09col/fig/colorCsf.ps Graphic file (type eps)
 <../09col/fig/colorCsf.ps>
Underfull \vbox (badness 7814) has occurred while \output is active []

 [53]
File: ../09col/fig/compress.ps Graphic file (type eps)

<../09col/fig/compress.ps>
Underfull \vbox (badness 6944) has occurred while \output is active []

 [54])
(/u/brian/fov/09col/cvis.4.tex
Underfull \vbox (badness 10000) has occurred while \output is active []

 [55]
[56]

LaTeX Warning: Reference `chapter:Cortex' on page 57 undefined on input line 86
.

[57]

LaTeX Warning: Reference `chapter:wavelength' on page 58 undefined on input lin
e 134.

File: ../09col/fig/meadows.ps Graphic file (type eps)
<../09col/fig/meadows.ps>

LaTeX Warning: Reference `chapter:wavelength' on page 58 undefined on input lin
e 160.

[58] [59]
File: ../09col/fig/mollon.ps Graphic file (type eps)
 <../09col/fig/mollon.ps> [60] [61]

LaTeX Warning: Reference `chapter:Cortex' on page 62 undefined on input line 24
9.


LaTeX Warning: Reference `chapter:Cortex' on page 62 undefined on input line 26
1.


LaTeX Warning: Reference `chapter:Cortex' on page 62 undefined on input line 27
7.

[62]

LaTeX Warning: Citation `Desimone1985' undefined on input line 313.

[63] [64] [65]) (/u/brian/fov/09col/cvis.5.tex [66] [67] [68]) [69] (Color.aux)

LaTeX Warning: There were undefined references.

 ) 
Here is how much of TeX's memory you used:
 957 strings out of 12013
 10394 string characters out of 120183
 57600 words of memory out of 524287
 3879 multiletter control sequences out of 10000+0
 14021 words of font info for 43 fonts, out of 200000 for 1000
 264 hyphenation exceptions out of 1000
 36i,9n,21p,251b,453s stack positions out of 450i,100n,500p,30000b,8192s

Output written on Color.dvi (69 pages, 180412 bytes).
