2001.05.20 13:45 B d:\brian\brian\fov\09col\fig\old\colorEllipse.id <-- white /tmp_mnt/brown/u1/FOV.I/09col/fig/old colorEllipse.id
2001.05.20 13:45 B d:\brian\brian\fov\09col\fig\old\colorEllipse.ps <-- white /tmp_mnt/brown/u1/FOV.I/09col/fig/old colorEllipse.ps
2001.05.20 13:45 B d:\brian\brian\fov\09col\fig\old\contrast.ps-.Z <-- white /tmp_mnt/brown/u1/FOV.I/09col/fig/old contrast.ps-.Z
2001.05.20 13:45 B d:\brian\brian\fov\09col\fig\old\CraikEdge.id.Z <-- white /tmp_mnt/brown/u1/FOV.I/09col/fig/old CraikEdge.id.Z
2001.05.20 13:45 B d:\brian\brian\fov\09col\fig\old\CraikEdge.ps.Z <-- white /tmp_mnt/brown/u1/FOV.I/09col/fig/old CraikEdge.ps.Z
2001.05.20 13:45 B d:\brian\brian\fov\09col\fig\old\Edge.ps.Z <-- white /tmp_mnt/brown/u1/FOV.I/09col/fig/old Edge.ps.Z
2001.05.20 13:45 B d:\brian\brian\fov\09col\fig\old\fluorescence.id <-- white /tmp_mnt/brown/u1/FOV.I/09col/fig/old fluorescence.id
2001.05.20 13:45 B d:\brian\brian\fov\09col\fig\old\fluorescence.ps <-- white /tmp_mnt/brown/u1/FOV.I/09col/fig/old fluorescence.ps
2001.05.20 13:45 B d:\brian\brian\fov\09col\fig\old\inkBasis.ps.Z <-- white /tmp_mnt/brown/u1/FOV.I/09col/fig/old inkBasis.ps.Z
2001.05.20 13:45 B d:\brian\brian\fov\09col\fig\old\LightSources.id <-- white /tmp_mnt/brown/u1/FOV.I/09col/fig/old LightSources.id
2001.05.20 13:45 B d:\brian\brian\fov\09col\fig\old\LightSources.ps <-- white /tmp_mnt/brown/u1/FOV.I/09col/fig/old LightSources.ps
2001.05.20 13:45 B d:\brian\brian\fov\09col\fig\old\Makefile.Z <-- white /tmp_mnt/brown/u1/FOV.I/09col/fig/old Makefile.Z
2001.05.20 13:45 B d:\brian\brian\fov\09col\fig\old\munsell.id- <-- white /tmp_mnt/brown/u1/FOV.I/09col/fig/old munsell.id-
2001.05.20 13:45 B d:\brian\brian\fov\09col\fig\old\offset.mean.10.mat <-- white /tmp_mnt/brown/u1/FOV.I/09col/fig/old offset.mean.10.mat
2001.05.20 13:45 B d:\brian\brian\fov\09col\fig\old\offset.mean.bas <-- white /tmp_mnt/brown/u1/FOV.I/09col/fig/old offset.mean.bas
2001.05.20 13:45 B d:\brian\brian\fov\09col\fig\old\offset.pc.bas <-- white /tmp_mnt/brown/u1/FOV.I/09col/fig/old offset.pc.bas
2001.05.20 13:45 B d:\brian\brian\fov\09col\fig\old\oneMode.ps.Z <-- white /tmp_mnt/brown/u1/FOV.I/09col/fig/old oneMode.ps.Z
2001.05.20 13:45 B d:\brian\brian\fov\09col\fig\old\SensorTableau.id <-- white /tmp_mnt/brown/u1/FOV.I/09col/fig/old SensorTableau.id
2001.05.20 13:45 B d:\brian\brian\fov\09col\fig\old\twomodeFcns.id <-- white /tmp_mnt/brown/u1/FOV.I/09col/fig/old twomodeFcns.id
2001.05.20 13:45 B d:\brian\brian\fov\09col\fig\old\twomodeFcns.ps <-- white /tmp_mnt/brown/u1/FOV.I/09col/fig/old twomodeFcns.ps
