This is TeX, C Version 3.14t3 (format=lplain 92.9.27)  7 MAR 1994 14:39
**&lplain publisher
(publisher.tex
LaTeX Version 2.09 <7 Dec 1989>
(/home/brian/lib/tex/letter.tex (/usr/src/Tex/lib.sun4/macros/letter.sty
Document Style `letter' <30 Apr 88>.
\longindentation=\dimen99
\indentedwidth=\dimen100
\labelcount=\count79
) (/home/brian/lib/tex/fancyheadings.sty
\headrulewidth=\dimen101
\footrulewidth=\dimen102
\plainheadrulewidth=\dimen103
\plainfootrulewidth=\dimen104
\headwidth=\dimen105
) (/home/brian/lib/tex/preamble.tex
(/usr/src/Tex/lib.sun4/macros/psfig.tex
\@unused=\write3

psfig/tex 1.6b
\ps@stream=\read0
\p@intvaluex=\dimen106
\p@intvaluey=\dimen107
)) (/usr/src/Tex/lib.sun4/macros/psfig.tex))
psfig: searching /home/brian/lib/tex/signature.eps for bounding box
psfig: including /home/brian/lib/tex/signature.eps 
(clip)

Overfull \vbox (3.0pt too high) has occurred while \output is active
\vbox(12.0+0.0)x448.07378
.\glue 0.0 plus 1.0fil
.\hbox(15.0+0.0)x448.07378
..\hbox(15.0+0.0)x448.07378
...\vbox(15.0+0.0)x448.07378 []
..\glue 0.0 plus 1.0fil minus 1.0fil

 [1



]
(release.tex
Overfull \hbox (21.68121pt too wide) in paragraph at lines 10--10
[][]  

\hbox(1.4457+0.0)x448.07378
.\hbox(0.0+0.0)x0.0
.\hbox(1.4457+0.0)x469.75499
..\rule(1.4457+0.0)x469.75499
.\penalty 10000
.\glue(\parfillskip) 0.0 plus 1.0fil
.\glue(\rightskip) 0.0 plus 1.0fil


Overfull \hbox (21.68121pt too wide) in paragraph at lines 11--11
[][]  

\hbox(1.4457+0.0)x448.07378
.\hbox(0.0+0.0)x0.0
.\hbox(1.4457+0.0)x469.75499
..\rule(1.4457+0.0)x469.75499
.\penalty 10000
.\glue(\parfillskip) 0.0 plus 1.0fil
.\glue(\rightskip) 0.0 plus 1.0fil


Overfull \hbox (21.68121pt too wide) in paragraph at lines 12--12
[][]  

\hbox(1.4457+0.0)x448.07378
.\hbox(0.0+0.0)x0.0
.\hbox(1.4457+0.0)x469.75499
..\rule(1.4457+0.0)x469.75499
.\penalty 10000
.\glue(\parfillskip) 0.0 plus 1.0fil
.\glue(\rightskip) 0.0 plus 1.0fil


Overfull \hbox (21.68121pt too wide) in paragraph at lines 13--13
[][]  

\hbox(1.4457+0.0)x448.07378
.\hbox(0.0+0.0)x0.0
.\hbox(1.4457+0.0)x469.75499
..\rule(1.4457+0.0)x469.75499
.\penalty 10000
.\glue(\parfillskip) 0.0 plus 1.0fil
.\glue(\rightskip) 0.0 plus 1.0fil

)
Overfull \vbox (3.0pt too high) has occurred while \output is active
\vbox(12.0+0.0)x448.07378
.\glue 0.0 plus 1.0fil
.\hbox(15.0+0.0)x448.07378
..\hbox(15.0+0.0)x448.07378
...\vbox(15.0+0.0)x448.07378 []
..\glue 0.0 plus 1.0fil minus 1.0fil

 [2] ) 
Here is how much of TeX's memory you used:
 357 strings out of 4463
 3488 string characters out of 63319
 30932 words of memory out of 262141
 2295 multiletter control sequences out of 9500
 18973 words of font info for 72 fonts, out of 72000 for 255
 14 hyphenation exceptions out of 607
 13i,10n,17p,204b,181s stack positions out of 300i,40n,60p,3000b,4000s

Output written on publisher.dvi (2 pages, 2252 bytes).
