This is TeX, Version 3.14159 (Web2C 7.2) (format=latex 1999.9.7)  2 APR 2001 10:54
**Cortex
(Cortex.tex
LaTeX2e <1999/06/01> patch level 1
Babel <v3.6z> and hyphenation patterns for english, british, catalan, danish, s
panish, french, german, italian, dutch, norsk, portuges, russian, finnish, baha
sa, croatian, loaded.
(../preamble.tex (/u/brian/lib/tex/standardBook.tex
(/usr/pubsw/lib/texmf/tex/latex/base/book.cls
Document Class: book 1999/01/07 v1.4a Standard LaTeX document class
(/usr/pubsw/lib/texmf/tex/latex/base/bk12.clo
File: bk12.clo 1999/01/07 v1.4a Standard LaTeX file (size option)
)
\c@part=\count79
\c@chapter=\count80
\c@section=\count81
\c@subsection=\count82
\c@subsubsection=\count83
\c@paragraph=\count84
\c@subparagraph=\count85
\c@figure=\count86
\c@table=\count87
\abovecaptionskip=\skip41
\belowcaptionskip=\skip42
\bibindent=\dimen102
)
(/usr/pubsw/lib/texmf/tex/latex/psnfss/palatino.sty
Package: palatino 1999/03/29 PSNFSS v.7.2 Palatino font as default roman : S Ra
htz
)
\@input{/u/brian/lib/tex/preamble.aux}
! I can't write on file `/u/brian/lib/tex/preamble.aux'.
\@include ...\immediate \openout \@partaux #1.aux 
                                                  \immediate \write \@partau...
l.8 \include{/u/brian/lib/tex/preamble}
                                       
Please type another output file name: ./preamble
\openout2 = `./preamble.tex'.

(/u/brian/lib/tex/preamble.tex)
(/usr/pubsw/lib/texmf/tex/latex/graphics/epsfig.sty
Package: epsfig 1999/02/16 v1.7a (e)psfig emulation (SPQR)

(/usr/pubsw/lib/texmf/tex/latex/graphics/graphicx.sty
Package: graphicx 1999/02/16 v1.0f Enhanced LaTeX Graphics (DPC,SPQR)

(/usr/pubsw/lib/texmf/tex/latex/graphics/keyval.sty
Package: keyval 1999/03/16 v1.13 key=value parser (DPC)
\KV@toks@=\toks14
)
(/usr/pubsw/lib/texmf/tex/latex/graphics/graphics.sty
Package: graphics 1999/02/16 v1.0l Standard LaTeX Graphics (DPC,SPQR)

(/usr/pubsw/lib/texmf/tex/latex/graphics/trig.sty
Package: trig 1999/03/16 v1.09 sin cos tan (DPC)
)
(/usr/pubsw/lib/texmf/tex/latex/graphics/graphics.cfg)
Package graphics Info: Driver file: dvips.def on input line 80.

(/usr/pubsw/lib/texmf/tex/latex/graphics/dvips.def
File: dvips.def 1999/02/16 v3.0i Driver-dependant file (DPC,SPQR)
))
\Gin@req@height=\dimen103
\Gin@req@width=\dimen104
)
\epsfxsize=\dimen105
\epsfysize=\dimen106
)) (Cortex.aux)
\openout1 = `Cortex.aux'.

LaTeX Font Info:    Checking defaults for OML/cmm/m/it on input line 4.
LaTeX Font Info:    ... okay on input line 4.
LaTeX Font Info:    Checking defaults for T1/cmr/m/n on input line 4.
LaTeX Font Info:    ... okay on input line 4.
LaTeX Font Info:    Checking defaults for OT1/cmr/m/n on input line 4.
LaTeX Font Info:    ... okay on input line 4.
LaTeX Font Info:    Checking defaults for OMS/cmsy/m/n on input line 4.
LaTeX Font Info:    ... okay on input line 4.
LaTeX Font Info:    Checking defaults for OMX/cmex/m/n on input line 4.
LaTeX Font Info:    ... okay on input line 4.
LaTeX Font Info:    Checking defaults for U/cmr/m/n on input line 4.
LaTeX Font Info:    ... okay on input line 4.
LaTeX Font Info:    Try loading font information for OT1+ppl on input line 4.

(/usr/pubsw/lib/texmf/tex/latex/psnfss/ot1ppl.fd
File: ot1ppl.fd 1998/07/06 Fontinst v1.800 font definitions for OT1/ppl.
)
(/usr/pubsw/lib/site-texmf/tex/generic/unsupported/psfig.tex))
epsfig option `silent' ignored
LaTeX Font Info:    Font shape `OT1/ppl/bx/n' in size <24.88> not available
(Font)              Font shape `OT1/ppl/b/n' tried instead on input line 15.
(Cortex.toc
LaTeX Font Info:    Font shape `OT1/ppl/bx/n' in size <12> not available
(Font)              Font shape `OT1/ppl/b/n' tried instead on input line 1.
LaTeX Font Info:    External font `cmex10' loaded for size
(Font)              <12> on input line 2.
LaTeX Font Info:    External font `cmex10' loaded for size
(Font)              <8> on input line 2.
LaTeX Font Info:    External font `cmex10' loaded for size
(Font)              <6> on input line 2.
)
\tf@toc=\write3
\openout3 = `Cortex.toc'.

 [1




] [2

] (Cortex.lof
Underfull \vbox (badness 10000) has occurred while \output is active []

 [3])
\tf@lof=\write4
\openout4 = `Cortex.lof'.


(../math.tex) (../06cortex/cvis.1.tex [4]
Chapter 1.
LaTeX Font Info:    Font shape `OT1/ppl/bx/n' in size <17.28> not available
(Font)              Font shape `OT1/ppl/b/n' tried instead on input line 15.
File: ../06cortex/fig/brain.ps Graphic file (type eps)
<../06cortex/fig/brain.ps> [5

]
LaTeX Font Info:    External font `cmex10' loaded for size
(Font)              <7> on input line 84.
LaTeX Font Info:    External font `cmex10' loaded for size
(Font)              <5> on input line 84.
 [6]
LaTeX Font Info:    Font shape `OT1/ppl/bx/n' in size <14.4> not available
(Font)              Font shape `OT1/ppl/b/n' tried instead on input line 133.
File: ../06cortex/fig/cortexLayers.ps Graphic file (type eps)
 <../06cortex/fig/cortexLayers.ps> [7]
[8] [9]
File: ../06cortex/fig/cortexInput.ps Graphic file (type eps)
 <../06cortex/fig/cortexInput.ps>
File: ../06cortex/fig/ocularDominance.ps Graphic file (type eps)
 <../06cortex/fig/ocularDominance.ps>
[10] [11] [12] [13]
File: ../06cortex/fig/calcarine.ps Graphic file (type eps)
 <../06cortex/fig/calcarine.ps>
File: ../06cortex/fig/retinotopy.ps Graphic file (type eps)

<../06cortex/fig/retinotopy.ps>

LaTeX Warning: Float too large for page by 111.42009pt on input line 533.


Underfull \vbox (badness 10000) has occurred while \output is active []

 [14]
[15] [16]
File: ../06cortex/fig/cortMag.ps Graphic file (type eps)
 <../06cortex/fig/cortMag.ps>
Underfull \vbox (badness 2980) has occurred while \output is active []

 [17]
[18]
File: ../06cortex/fig/brindleyLewin.ps Graphic file (type eps)
 <../06cortex/fig/brindleyLewin.ps>
Underfull \vbox (badness 10000) has occurred while \output is active []

 [19])
(../06cortex/cvis.2.tex [20]
Underfull \vbox (badness 10000) has occurred while \output is active []

 [21]

LaTeX Warning: Reference `chapter:retina' on page 22 undefined on input line 93
.

File: ../06cortex/fig/orientedRF.ps Graphic file (type eps)
<../06cortex/fig/orientedRF.ps> [22] [23]
File: ../06cortex/fig/orientation.ps Graphic file (type eps)
 <../06cortex/fig/orientation.ps>
Underfull \vbox (badness 1668) has occurred while \output is active []

 [24]
Underfull \vbox (badness 2717) has occurred while \output is active []

 [25]
File: ../06cortex/fig/dir.selective.ps Graphic file (type eps)

<../06cortex/fig/dir.selective.ps> [26] [27]

LaTeX Warning: Reference `chapter:Motion' on page 28 undefined on input line 39
1.


LaTeX Warning: Reference `chapter:retina' on page 28 undefined on input line 41
0.

[28]
File: ../06cortex/fig/simpleComplex.ps Graphic file (type eps)
 <../06cortex/fig/simpleComplex.ps>
File: ../06cortex/fig/cortical.tuning.ps Graphic file (type eps)
 <../06cortex/fig/cortical.tuning.ps>
Underfull \vbox (badness 1137) has occurred while \output is active []

 [29]
[30]

LaTeX Warning: Reference `f4:pmContrast' on page 31 undefined on input line 548
.


LaTeX Warning: Reference `chapter:wavelength' on page 31 undefined on input lin
e 560.


LaTeX Warning: Reference `f3:phot.homogeneity' on page 31 undefined on input li
ne 561.

File: ../06cortex/fig/contNormData.ps Graphic file (type eps)
<../06cortex/fig/contNormData.ps> [31] [32]
File: ../06cortex/fig/contNormModel.ps Graphic file (type eps)
 <../06cortex/fig/contNormModel.ps>
Underfull \vbox (badness 10000) has occurred while \output is active []

 [33]
File: ../06cortex/fig/disparities.ps Graphic file (type eps)

<../06cortex/fig/disparities.ps> [34] [35]
File: ../06cortex/fig/neuralDisparity.ps Graphic file (type eps)

<../06cortex/fig/neuralDisparity.ps>
Underfull \vbox (badness 7047) has occurred while \output is active []

 [36]
File: ../06cortex/fig/binoc.ps Graphic file (type eps)

<../06cortex/fig/binoc.ps> [37] [38]
File: ../06cortex/fig/ohzawa.ps Graphic file (type eps)
 <../06cortex/fig/ohzawa.ps>
Underfull \vbox (badness 10000) has occurred while \output is active []

 [39])
(../06cortex/cvis.3.tex

LaTeX Warning: Reference `chapter:Color' on page 40 undefined on input line 46.



LaTeX Warning: Reference `chapter:Motion' on page 40 undefined on input line 46
.


Underfull \vbox (badness 2080) has occurred while \output is active []

 [40]

LaTeX Warning: Reference `chapter:retina' on page 41 undefined on input line 69
.


LaTeX Warning: Reference `chapter:Motion' on page 41 undefined on input line 77
.

[41]
File: ../06cortex/fig/blobs.vs.od.ps Graphic file (type eps)
 <../06cortex/fig/blobs.vs.od.ps> [42] [43]
File: ../06cortex/fig/extraStriate.ps Graphic file (type eps)

<../06cortex/fig/extraStriate.ps>
Underfull \vbox (badness 2865) has occurred while \output is active []

 [44]
Underfull \vbox (badness 10000) has occurred while \output is active []

 [45]
[46] [47]

LaTeX Warning: Citation `Barlow1972' undefined on input line 435.


Underfull \vbox (badness 2865) has occurred while \output is active []

 [48]
File: ../06cortex/fig/specialization.ps Graphic file (type eps)

<../06cortex/fig/specialization.ps> [49] [50]
Underfull \vbox (badness 10000) has occurred while \output is active []

 [51])
(../06cortex/cvis.4.tex

LaTeX Warning: Citation `Wong-Riley1984' undefined on input line 10.


LaTeX Warning: Citation `Hubel1972a' undefined on input line 11.


LaTeX Warning: Citation `Hubel1972b' undefined on input line 11.


LaTeX Warning: Citation `Hubel1974' undefined on input line 11.


LaTeX Warning: Citation `Hubel1974b' undefined on input line 11.


LaTeX Warning: Citation `Wiesel1966' undefined on input line 12.


LaTeX Warning: Citation `Devalois1982b' undefined on input line 13.


LaTeX Warning: Citation `DeValois1988' undefined on input line 13.


LaTeX Warning: Citation `Movshon1978a' undefined on input line 14.


LaTeX Warning: Citation `Movshon1978b' undefined on input line 14.


LaTeX Warning: Citation `Movshon1985' undefined on input line 14.


LaTeX Warning: Citation `Britten1992' undefined on input line 15.


LaTeX Warning: Citation `Brindley1968' undefined on input line 16.


LaTeX Warning: Citation `Bak1990' undefined on input line 17.


LaTeX Warning: Citation `Poggio1984a' undefined on input line 18.


LaTeX Warning: Citation `Albright1984' undefined on input line 19.


LaTeX Warning: Citation `Freeman1990' undefined on input line 20.


LaTeX Warning: Citation `Tolhurst1983' undefined on input line 21.


LaTeX Warning: Citation `Parker1985' undefined on input line 22.


LaTeX Warning: Citation `Hawken1990' undefined on input line 23.


LaTeX Warning: Citation `Vogels1990' undefined on input line 24.


LaTeX Warning: Citation `Salzman1992' undefined on input line 25.


LaTeX Warning: Citation `Livingstone1984' undefined on input line 26.


LaTeX Warning: Citation `Livingstone1987' undefined on input line 26.


LaTeX Warning: Citation `Martin1988' undefined on input line 27.


LaTeX Warning: Citation `Zeki1971' undefined on input line 28.


LaTeX Warning: Citation `Zeki1983c' undefined on input line 28.


LaTeX Warning: Citation `Zeki1990Zeki1991' undefined on input line 28.


LaTeX Warning: Citation `Barlow1972' undefined on input line 30.

[52] [53]

LaTeX Warning: Reference `chapter:retina' on page 54 undefined on input line 12
6.

[54]) [55] (Cortex.aux)

LaTeX Warning: There were undefined references.

 ) 
Here is how much of TeX's memory you used:
 954 strings out of 12024
 10561 string characters out of 120906
 57702 words of memory out of 524287
 3877 multiletter control sequences out of 10000+0
 12166 words of font info for 37 fonts, out of 200000 for 1000
 264 hyphenation exceptions out of 1000
 36i,8n,21p,252b,370s stack positions out of 450i,100n,500p,30000b,8192s

Output written on Cortex.dvi (55 pages, 135648 bytes).
